d:\kad-2025\kad-2025\kad-2025\x64\debug\vc143.pdb
d:\kad-2025\kad-2025\kad-2025\x64\debug\vc143.idb
d:\kad-2025\kad-2025\kad-2025\x64\debug\kad-2021.obj
d:\kad-2025\kad-2025\kad-2025\x64\debug\semanalysis.obj
d:\kad-2025\kad-2025\kad-2025\x64\debug\polishnotation.obj
d:\kad-2025\kad-2025\kad-2025\x64\debug\pch.obj
d:\kad-2025\kad-2025\kad-2025\x64\debug\parm.obj
d:\kad-2025\kad-2025\kad-2025\x64\debug\mfst.obj
d:\kad-2025\kad-2025\kad-2025\x64\debug\lt.obj
d:\kad-2025\kad-2025\kad-2025\x64\debug\log.obj
d:\kad-2025\kad-2025\kad-2025\x64\debug\lexanalysis.obj
d:\kad-2025\kad-2025\kad-2025\x64\debug\it.obj
d:\kad-2025\kad-2025\kad-2025\x64\debug\in.obj
d:\kad-2025\kad-2025\kad-2025\x64\debug\greibach.obj
d:\kad-2025\kad-2025\kad-2025\x64\debug\generator.obj
d:\kad-2025\kad-2025\kad-2025\x64\debug\fst.obj
d:\kad-2025\kad-2025\kad-2025\x64\debug\error.obj
d:\kad-2025\kad-2025\x64\debug\kad-2025.exe
d:\kad-2025\kad-2025\x64\debug\kad-2025.pdb
d:\kad-2025\kad-2025\kad-2025\x64\debug\kad-2025.ilk
d:\kad-2025\kad-2025\kad-2025\x64\debug\kad-2025.tlog\cl.command.1.tlog
d:\kad-2025\kad-2025\kad-2025\x64\debug\kad-2025.tlog\cl.items.tlog
d:\kad-2025\kad-2025\kad-2025\x64\debug\kad-2025.tlog\cl.read.1.tlog
d:\kad-2025\kad-2025\kad-2025\x64\debug\kad-2025.tlog\cl.write.1.tlog
d:\kad-2025\kad-2025\kad-2025\x64\debug\kad-2025.tlog\link.command.1.tlog
d:\kad-2025\kad-2025\kad-2025\x64\debug\kad-2025.tlog\link.read.1.tlog
d:\kad-2025\kad-2025\kad-2025\x64\debug\kad-2025.tlog\link.secondary.1.tlog
d:\kad-2025\kad-2025\kad-2025\x64\debug\kad-2025.tlog\link.write.1.tlog
